1023
backup
broad_msg.sh
case01.sh
compress.sh
delovdbbak.sh
dump
efunc.sh
emp.lst
expr01.sh
expr02.sh
filecopy.sh
filedel.sh
filelist.sh
fileoper.sh
fileoper1.sh
filepath.sh
fileren.sh
filetype.sh
flnmsize.sh
for01.sh
func.sh
iostatlog.sh
merge_dir.sh
mrgdir01.sh
mrgdir02.sh
msg_file
mycmd.txt
mycmds.log
mycp.sh
mydir
myfile.sh
myfile.txt
openlane_rpts.sh
patternsearch.sh
perflogs.bak
perflogs.sh
pingnode.sh
repl_hosts.sh
search01.sh
shell_lib.sh
space_check.sh
src01.sh
src02.sh
src03.sh
src04.sh
src05.sh
src06.sh
src07.sh
tempfile.txt
test_format.sh
test_script.sh
testsh.sh
