Script started on Fri Jan 24 09:32:51 2003
sh-2.03$ ps e-lf
usage: ps [ -aAdeflcjLPy ] [ -o format ] [ -t termlist ]
        [ -u userlist ] [ -U userlist ] [ -G grouplist ]
        [ -p proclist ] [ -g pgrplist ] [ -s sidlist ]
  'format' is one or more of:
        user ruser group rgroup uid ruid gid rgid pid ppid pgid sid taskid
        pri opri pcpu pmem vsz rss osz nice class time etime stime
        f s c lwp nlwp psr tty addr wchan fname comm args projid project
sh-2.03$ ps -elf
 F S      UID   PID  PPID  C PRI NI     ADDR     SZ    WCHAN    STIME TTY      TIME CMD
19 T     root     0     0  0   0 SY        ?      0            Jan 15 ?        0:01 sched
 8 S     root     1     0  0  41 20        ?    103        ?   Jan 15 ?        0:20 /etc/init -
19 S     root     2     0  0   0 SY        ?      0        ?   Jan 15 ?        0:00 pageout
19 S     root     3     0  1   0 SY        ?      0        ?   Jan 15 ?       182:49 fsflush
 8 S     root   628     1  0  40 20        ?    222        ?   Jan 15 ?        0:00 /usr/lib/saf/sac -t 300
 8 S     root   351     1  0  40 20        ?    441        ?   Jan 15 ?        0:17 /usr/sbin/nscd
 8 S     root   403     1  0  40 20        ?    398        ?   Jan 15 ?        0:00 /usr/lib/sendmail -bd -q15m
 8 S     root    20     1  0  40 20        ?    647        ?   Jan 15 ?        0:01 vxconfigd -m boot
 8 S     root    61     1  0  76 20        ?    199        ?   Jan 15 ?        0:00 /usr/lib/sysevent/syseventd
 8 S     root    63     1  0  86 20        ?    163        ?   Jan 15 ?        0:00 /usr/lib/sysevent/syseventconfd
 8 S     root   381     1  0  41 20        ?    129        ?   Jan 15 ?        0:01 /usr/lib/utmpd
 8 S     root    71     1  0  44 20        ?    336        ?   Jan 15 ?        0:04 devfsadmd
 8 S     root   200     1  0  41 20        ?    397        ?   Jan 15 ?        3:18 /usr/lib/picl/picld
 8 S     root   317     1  0  41 20        ?    533        ?   Jan 15 ?        0:04 /usr/lib/autofs/automountd
 8 S     root   359     1  0  41 20        ?    385        ?   Jan 15 ?        0:00 /usr/lib/lpsched
 8 S     root   629     1  0  45 20        ?    223        ?   Jan 15 console  0:00 /usr/lib/saf/ttymon -g -h -p yoga c
 8 S     root   274     1  0  41 20        ?    306        ?   Jan 15 ?        0:00 /usr/sbin/rpcbind
 8 S   daemon   311     1  0  41 20        ?    315        ?   Jan 15 ?        0:00 /usr/lib/nfs/statd
 8 S     root   328     1  0  40 20        ?    448        ?   Jan 15 ?        0:01 /usr/sbin/syslogd
 8 S     root   305     1  0  51 20        ?    305        ?   Jan 15 ?        0:08 /usr/sbin/inetd -s
 8 S     root   331     1  0  51 20        ?    242        ?   Jan 15 ?        0:00 /usr/sbin/cron
 8 S     root   414     1  0  79 20        ?     84        ?   Jan 15 ?        0:00 /sbin/sh - /usr/lib/vxvm/bin/vxrelo
 8 S     root   373     1  0  47 20        ?    180        ?   Jan 15 ?        0:00 /usr/lib/power/powerd
 8 T 20010123  2934  2933  0  41 20        ?    150            Jan 15 pts/6    0:00 more -s /usr/share/man/cat1/ptree.1
 8 S     root   416     1  0  79 20        ?    133        ?   Jan 15 ?        0:00 /bin/sh -p /opt/VRTSvmsa/bin/vmsa_s
 8 S     root   397     1  0  41 20        ?    332        ?   Jan 15 ?        0:01 /usr/sbin/vold
 8 S     root   662   615  0  41 20        ?    368        ?   Jan 15 ?        0:32 mibiisa -r -p 32793
 8 S     root   423   414  0  99 20        ?     84        ?   Jan 15 ?        0:00 /sbin/sh - /usr/lib/vxvm/bin/vxrelo
 8 S     root   434     1  0  59 20        ?    125        ?   Jan 15 ?        0:00 /usr/lib/efcode/sparcv9/efdaemon
 8 S     root   424   423  0  46 20        ?    215        ?   Jan 15 ?        0:00 vxnotify -f -w 15
 8 S     root   464   416  0  61 20        ?    120        ?   Jan 15 ?        0:00 /opt/VRTSvmsa/vmsa/server/cmdserver
 8 S     root   583     1  0  40 20        ?    595        ?   Jan 15 ?        0:00 /usr/apache/bin/httpd
 8 S     root   622     1  0  41 20        ?    454        ?   Jan 15 ?        0:00 /usr/lib/dmi/snmpXdmid -s yoga
 8 S     root   493   416  0  40 20        ?   1610        ?   Jan 15 ?        8:41 /opt/VRTSvmsa/jre/bin/../bin/sparc/
 8 S     root   462   416  0  40 20        ?   1322        ?   Jan 15 ?        0:01 /opt/VRTSvmsa/jre/bin/../bin/sparc/
 8 S   nobody   634   583  0  41 20        ?    606        ?   Jan 15 ?        0:00 /usr/apache/bin/httpd
 8 S     root   615     1  0  40 20        ?    269        ?   Jan 15 ?        0:00 /usr/lib/snmp/snmpdx -y -c /etc/snm
 8 S   oracle   506     1  0  40 20        ?  12288        ?   Jan 15 ?        0:01 ora_pmon_slimlib
 8 S   oracle   562     1  0  51 20        ?   1115        ?   Jan 15 ?        0:14 /opt/OraHome/bin/tnslsnr LISTENER -
 8 S   oracle   508     1  0  40 20        ?  12270        ?   Jan 15 ?        0:09 ora_dbw0_slimlib
 8 S   oracle   510     1  0  41 20        ?  12199        ?   Jan 15 ?        0:08 ora_lgwr_slimlib
 8 S   oracle   512     1  0  40 20        ?  12200        ?   Jan 15 ?        1:32 ora_ckpt_slimlib
 8 S   oracle   514     1  0  40 20        ?  12205        ?   Jan 15 ?        1:58 ora_smon_slimlib
 8 S   oracle   516     1  0  41 20        ?  12202        ?   Jan 15 ?        0:00 ora_reco_slimlib
 8 S   oracle   518     1  0  40 20        ?  12207        ?   Jan 15 ?        0:00 ora_arc0_slimlib
 8 S     root   579     1  0  41 20        ?    637        ?   Jan 15 ?        0:01 /usr/dt/bin/dtlogin -daemon
 8 S   nobody   631   583  0  40 20        ?    593        ?   Jan 15 ?        0:00 /usr/apache/bin/httpd
 8 S     root   621     1  0  47 20        ?    385        ?   Jan 15 ?        0:00 /usr/lib/dmi/dmispd
 8 S   nobody   632   583  0  41 20        ?    606        ?   Jan 15 ?        0:00 /usr/apache/bin/httpd
 8 S   nobody   633   631  0  43 20        ?   4385        ?   Jan 15 ?        0:01 /usr/java1.2/bin/../jre/bin/../bin/
 8 S   nobody   635   583  0  41 20        ?    606        ?   Jan 15 ?        0:00 /usr/apache/bin/httpd
 8 S   nobody   636   583  0  41 20        ?    605        ?   Jan 15 ?        0:00 /usr/apache/bin/httpd
 8 S   nobody   637   583  0  40 20        ?    623        ?   Jan 15 ?        0:00 /usr/apache/bin/httpd
 8 S     root   645   628  0  40 20        ?    223        ?   Jan 15 ?        0:00 /usr/lib/saf/ttymon
 8 S     root   646   579  0  40 20        ?   2265        ?   Jan 15 ?        0:05 /usr/openwin/bin/Xsun :0 -nobanner 
 8 S     root   711   305  0  41 20        ?    286        ?   Jan 15 ?        0:00 dr_daemon
 8 S     root   655   579  0  89 20        ?    664        ?   Jan 15 ?        0:00 /usr/dt/bin/dtlogin -daemon
 8 S     root   676   655  0  40 20        ?    956        ?   Jan 15 ?        0:04 dtgreet -display :0
 8 S     root   664     1  0  40 20        ?    305        ?   Jan 15 ?        0:00 /usr/openwin/bin/fbconsole -d :0
 8 S     root   710   305  0  51 20        ?    277        ?   Jan 15 ?        0:00 dcs
 8 S     root 12151   305  0  41 20        ?    226        ? 18:57:46 ?        0:00 in.telnetd
 8 S     root   712   305  0  41 20        ?    263        ?   Jan 15 ?        0:00 cachefsd
 8 S   nobody   714   305  0  40 20        ?    515        ?   Jan 15 ?        0:01 fs
 8 S     root   715   305  0  41 20        ?    436        ?   Jan 15 ?        0:00 rpc.ttdbserverd
 8 S     root   740     1  0  59 20        ?   6243        ?   Jan 15 ?        4:42 /usr/java/bin/../bin/../jre/bin/../
 8 T 20010123  6831 22201  0  41 20        ?    210            Jan 15 pts/6    0:00 mconnect
 8 T 20010119 29748 29747  0  41 20        ?    150          20:21:30 pts/75   0:00 more -s /usr/share/man/cat1/last.1
 8 S 20010104 11631 12378  0  41 20        ?    131        ? 14:40:28 pts/43   0:00 sh asg11.sh
 8 S   sanjay 16702 16693  0  51 20        ?    309        ? 08:38:53 pts/9    0:00 -bash
 8 S 20010107 23409 23407  0  41 20        ?    315        ?   Jan 16 pts/58   0:00 -bash
 8 S   nobody  1051   583  0  40 20        ?    606        ?   Jan 15 ?        0:00 /usr/apache/bin/httpd
 8 S 20010110 11507 11505  0  51 20        ?    312        ?   Jan 19 pts/64   0:00 -bash
 8 S 20010123 22201 22199  0  41 20        ?    307        ?   Jan 15 pts/6    0:01 -bash
 8 S 20010115 25349 25347  0  41 20        ?    312        ?   Jan 17 pts/33   0:00 -bash
 8 S   oracle 28669     1  0  41 20        ?  12201        ? 09:02:14 ?        0:00 oracleslimlib (LOCAL=NO)
 8 T 20010119  4169 27006  0  49 20        ?    131          19:09:08 pts/22   0:00 sh q2.sh
 8 T 20010123 24120 24119  0  41 20        ?    117            Jan 15 pts/6    0:00 wall
 8 S   nobody 11411   583  0  40 20        ?    606        ?   Jan 16 ?        0:00 /usr/apache/bin/httpd
 8 S     root 27002   305  0  41 20        ?    226        ? 19:05:24 ?        0:00 in.telnetd
 8 S 20010109 17311 17309  0  41 20        ?    309        ?   Jan 16 pts/10   0:00 -bash
 8 T 20010123 24119 22201  0  41 20        ?    131            Jan 15 pts/6    0:00 sh dj.sh
 8 T 20010123 23107 23101  0  41 20        ?    118            Jan 15 pts/6    0:00 write 200101233
 8 T 20010123 23101 22201  0  41 20        ?    131            Jan 15 pts/6    0:00 sh q4.sh
 8 T 20010123  2222 22201  0  41 20        ?    241            Jan 15 pts/6    0:00 on 10.100.56.11
 8 T 20010119  5838 27006  0  49 20        ?    131          19:10:13 pts/22   0:00 sh q2.sh
 8 T 20010123  2932 22201  0  41 20        ?    128            Jan 15 pts/6    0:00 man ptree
 8 T 20010123 23135 22201  0  41 20        ?    131            Jan 15 pts/6    0:00 sh q4.sh
 8 S     root  8817 16702  0  41 20        ?    309        ? 09:08:25 pts/9    0:00 -bash
 8 S 20010108 10840 10838  0  41 20        ?    310        ?   Jan 16 pts/24   0:00 -bash
 8 S     root 23407   305  0  41 20        ?    226        ?   Jan 16 ?        0:00 in.telnetd
 8 Z 20010123 26972 26971  0   0                                               0:00 <defunct>
 8 S 20010119 12702 12699  0  41 20        ?    308        ? 20:27:46 pts/11   0:00 -bash
 8 T 20010123  2545 22201  0  41 20        ?    118            Jan 15 pts/6    0:00 tr
 8 S 20010119 12153 12151  0  41 20        ?    309        ? 18:57:46 pts/68   0:00 -bash
 8 S     root 24087   305  0  45 20        ?    226        ?   Jan 22 ?        0:00 in.telnetd
 8 T 20010119 14129 14127  0  41 20        ?    131          20:28:27 pts/11   0:00 sh -c more -s /usr/share/man/cat1/l
 8 S     root 22199   305  0  41 20        ?    226        ?   Jan 15 ?        0:00 in.telnetd
 8 S 20010103 10795 13158  0  41 20        ?    234        ?   Jan 19 pts/5    0:00 vi l7.sh
 8 T 20010107 11008 23409  0  41 20        ?    234            Jan 16 pts/58   0:00 vi q1.sh
 8 T 20010108  1434 10840  0  41 20        ?    233            Jan 16 pts/24   0:00 vi prg11.sh
 8 S   oracle 28679     1  0  54 20        ?  12201        ? 09:02:36 ?        0:00 oracleslimlib (LOCAL=NO)
 8 T 20010123 23139 23135  0  41 20        ?    118            Jan 15 pts/6    0:00 write 200101072
 8 T 20010123  2933  2932  0  41 20        ?    131            Jan 15 pts/6    0:00 sh -c more -s /usr/share/man/cat1/p
 8 T 20010123  6832  6831  0  41 20        ?    210            Jan 15 pts/6    0:00 mconnect
 8 T     root 14451 12702  0  41 20        ?    252          20:28:35 pts/11   0:00 login
 8 S 20010106  2616     1  0  41 20        ?    119        ?   Jan 20 ?        0:00 write 200101155 pts/33
 8 T 20010123  2247 22201  0  41 20        ?    241            Jan 15 pts/6    0:00 on mail.da-iict.org
 8 S   nobody 21822   583  0  40 20        ?    601        ?   Jan 21 ?        0:00 /usr/apache/bin/httpd
 8 S   oracle 28681     1  0  40 20        ?  12227        ? 09:02:38 ?        1:23 oracleslimlib (LOCAL=NO)
 8 S     root 17309   305  0  45 20        ?    226        ?   Jan 16 ?        0:00 in.telnetd
 8 S 20010113  7462  7433  0  41 20        ?    119        ?   Jan 16 ?        0:00 write 200101094
 8 S 20010113  7433     1  0  41 20        ?    133        ?   Jan 16 ?        0:00 sh 4.sh
 8 S     root 10838   305  0  45 20        ?    226        ?   Jan 16 ?        0:00 in.telnetd
 8 S 20010115 17639 25333  0  99 20        ?    117        ?   Jan 22 pts/76   0:00 cut -ci+1
 8 T 20010110 24451 24198  0  41 20        ?    224            Jan 21 pts/17   0:00 ftp 10.100.56.10
 8 S   sanjay  9836  9833  0  51 20        ?    309        ? 09:26:03 pts/23   0:00 -bash
 8 T 20010119 14130 14129  0  41 20        ?    150          20:28:27 pts/11   0:00 more -s /usr/share/man/cat1/login.1
 8 S 20010108 26428 26423  0  41 20        ?    309        ? 21:32:24 pts/41   0:00 -bash
 8 T 20010119 22869 22893  0  46 20        ?    131          20:17:59 pts/75   0:00 sh q2.sh
 8 T 20010119 29747 29745  0  41 20        ?    131          20:21:30 pts/75   0:00 sh -c more -s /usr/share/man/cat1/l
 8 S     root 12699   305  0  41 20        ?    226        ? 20:27:46 ?        0:00 in.telnetd
 8 S   oracle 15254     1  0  41 20        ?  12213        ? 09:28:55 ?        0:00 oracleslimlib (LOCAL=NO)
 8 R   sanjay 22306 22301  0  41 20        ?    117          09:32:51 pts/23   0:00 script mycmds.log
 8 S     root 16723   305  0  45 20        ?    226        ?   Jan 17 ?        0:00 in.telnetd
 8 S 20010115 25333 24099  0  99 20        ?    131        ?   Jan 22 pts/76   0:00 sh osprog15.sh
 8 S 20010115 24099 24087  0  51 20        ?    310        ?   Jan 22 pts/76   0:00 -bash
 8 T 20010119 12376 22893  0  41 20        ?    130          20:27:36 pts/75   0:00 last -a
 8 T 20010119 29745 22893  0  41 20        ?    128          20:21:30 pts/75   0:00 man last
 8 S     root 13156   305  0  41 20        ?    226        ?   Jan 19 ?        0:00 in.telnetd
 8 T 20010104 11632 11631  0  41 20        ?    131          14:40:28 pts/43   0:00 /bin/sh
 8 S     root 24196   305  0  61 20        ?    226        ?   Jan 21 ?        0:00 in.telnetd
 8 S   oracle 14562     1  0  41 20        ?  12212        ? 09:28:34 ?        0:00 oracleslimlib (LOCAL=NO)
 8 T 20010119 23856 22893  0  41 20        ?    233          20:02:30 pts/75   0:00 vi q2.sh
 8 S   oracle 28673     1  0  51 20        ?  12201        ? 09:02:19 ?        0:00 oracleslimlib (LOCAL=NO)
 8 Z 20010115 17640 17639  0   0                                               0:00 <defunct>
 8 T 20010119 12048 12047  0  41 20        ?    131          20:27:25 pts/75   0:00 sh -c more -s /usr/share/man/cat1/l
 8 S 20010113 11323 11321  0  41 20        ?    312        ?   Jan 17 pts/81   0:00 -bash
 8 T 20010119 23318 12153  0  49 20        ?    131          19:03:25 pts/68   0:00 sh q2.sh
 8 T 20010119 25577 27006  0  49 20        ?    131          19:35:13 pts/22   0:00 sh q2.sh
 8 T 20010119 11700 22893  0  41 20        ?    129          20:27:10 pts/75   0:00 last
 8 T     root 24482 16725  0  41 20        ?    332            Jan 17 pts/69   0:00 passwd 200101021
 8 T 20010119 11301 27006  0  49 20        ?    131          19:28:24 pts/22   0:00 sh q2.sh
 8 T 20010119 27080 27006  0  49 20        ?    131          19:36:04 pts/22   0:00 sh q2.sh
 8 S 20010106  2604     1  0  41 20        ?    119        ?   Jan 20 ?        0:00 write 200101094 pts/10
 8 T 20010119 12049 12048  0  41 20        ?    150          20:27:25 pts/75   0:00 more -s /usr/share/man/cat1/last.1
 8 T 20010119 25702 22893  0  49 20        ?    131          20:03:29 pts/75   0:00 sh q2.sh
 8 T 20010119 13914 27006  0  49 20        ?    133          19:43:27 pts/22   0:00 sh q2.sh
 8 T 20010119 12047 22893  0  41 20        ?    128          20:27:25 pts/75   0:00 man last
 8 S   sanjay 22307 22306  0  51 20        ?    309        ? 09:32:51 pts/34   0:00 sh -i
 8 O     root 22813 22307  0  41 20        ?    240          09:33:06 pts/34   0:00 ps -elf
 8 T 20010119 28806 22893  0  47 20        ?    131          20:20:59 pts/75   0:00 sh q2.sh
 8 T 20010119  1019 22893  0  48 20        ?    131          20:06:15 pts/75   0:00 sh q2.sh
 8 S     root 16606   305  0  41 20        ?    226        ?   Jan 22 ?        0:00 in.telnetd
 8 Z 20010110 24198 24196  0   0                                               0:00 <defunct>
 8 S     root  9833   305  0  61 20        ?    226        ? 09:26:03 ?        0:00 in.telnetd
 8 S 20010123 26971     1  0  41 20        ?    119        ?   Jan 17 ?        0:00 write 200101094
 8 T 20010119 19224 12153  0  49 20        ?    131          19:01:16 pts/68   0:00 sh q2.sh
 8 S     root 26423   305  0  45 20        ?    226        ? 21:32:24 ?        0:00 in.telnetd
 8 S 20010107  4045     1  0  41 20        ?    120        ? 12:52:13 ?        0:00 write 200101155
 8 S   oracle 28671     1  0  71 20        ?  12209        ? 09:02:18 ?        0:00 oracleslimlib (LOCAL=NO)
 8 S 20010119 27006 27002  0  41 20        ?    310        ? 19:05:24 pts/22   0:01 -bash
 8 S 20010119 22893 22882  0  41 20        ?    319        ? 19:47:40 pts/75   0:01 -bash
 8 S   oracle 12644     1  0  41 20        ?  12208        ? 08:53:05 ?        0:00 oracleslimlib (LOCAL=NO)
 8 R 20010101 25661     1  1  59 20        ?    131            Jan 21 ?       74:03 sh test.sh
 8 S     root  2152   305  0  41 20        ?    226        ?   Jan 21 ?        0:00 in.telnetd
 8 T 20010119 11389 22893  0  49 20        ?    131          20:11:33 pts/75   0:00 sh q2.sh
 8 T 20010119  8904 27006  0  49 20        ?    131          19:27:20 pts/22   0:00 sh q2.sh
 8 T 20010119  3665 22893  0  49 20        ?    131          20:07:40 pts/75   0:00 sh q2.sh
 8 T 20010119  1893 22893  0  49 20        ?    131          20:06:43 pts/75   0:00 sh q2.sh
 8 S     root 25347   305  0  45 20        ?    226        ?   Jan 17 ?        0:00 in.telnetd
 8 S 20010110 11586 11507  0  41 20        ?    152        ?   Jan 19 pts/64   0:01 ls -R
 8 S     root 22882   305  0  45 20        ?    226        ? 19:47:40 ?        0:00 in.telnetd
 8 S 20010104 12378 12369  0  51 20        ?    317        ? 13:08:35 pts/43   0:01 -bash
 8 S 20010108  3049  3012  0  41 20        ?    119        ?   Jan 16 ?        0:00 write 200101094 pts/10
 8 T 20010119 16373 27006  0  49 20        ?    133          19:44:37 pts/22   0:00 sh q2.sh
 8 R 20010101 27604     1  1  69 20        ?    131            Jan 21 ?       69:10 sh test.sh
 8 T 20010119 14127 12702  0  41 20        ?    128          20:28:27 pts/11   0:00 man login
 8 S     root 12369   305  0  41 20        ?    226        ? 13:08:35 ?        0:00 in.telnetd
 8 T 20010119 16439 27006  0  41 20        ?    233          19:15:29 pts/22   0:00 vi q1.sh
 8 S 20010121  2154  2152  0  41 20        ?    312        ?   Jan 21 pts/2    0:01 -bash
 8 O 20010121 22364     1 50  59 20        ?    318            Jan 22 ?       2536:31 -bash
 8 S 20010113 16626 16606  0  41 20        ?    318        ?   Jan 22 pts/60   0:01 -bash
 8 S 20010108  3012     1  0  41 20        ?    134        ?   Jan 16 ?        0:00 sh a1p4.sh
 8 T 20010119 20245 22893  0  49 20        ?    131          20:00:23 pts/75   0:00 sh q2.sh
 8 S     root 11505   305  0  45 20        ?    226        ?   Jan 19 ?        0:00 in.telnetd
 8 T 20010119  9239 22893  0  49 20        ?    131          20:10:33 pts/75   0:00 sh q2.sh
 8 T 20010119   580 22893  0  41 20        ?    134          20:21:55 pts/75   0:01 last -n 200101198
 8 T 20010119  5279 27006  0  49 20        ?    131          19:39:12 pts/22   0:00 sh q2.sh
 8 S     root 11321   305  0  45 20        ?    226        ?   Jan 17 ?        0:00 in.telnetd
 8 S     root 16693   305  0  45 20        ?    226        ? 08:38:53 ?        0:00 in.telnetd
 8 S 20010103 13158 13156  0  51 20        ?    311        ?   Jan 19 pts/5    0:00 -bash
 8 S   oracle 10753     1  0  41 20        ?  12201        ? 09:09:21 ?        0:00 oracleslimlib (LOCAL=NO)
 8 Z 20010102 16725 16723  0   0                                               0:00 <defunct>
 8 T 20010119  1449 27006  0  49 20        ?    131          19:22:53 pts/22   0:00 sh q2.sh
 8 S   sanjay 22301  9836  0  41 20        ?    116        ? 09:32:51 pts/23   0:00 script mycmds.log
sh-2.03$ clear
[H[Jsh-2.03$ date
Fri Jan 24 09:33:13 GMT 2003
sh-2.03$ exit
exit

script done on Fri Jan 24 09:33:23 2003
